demo/platforms/android/build/outputs/logs/manifest-merger-nativescriptshatterview-debug-report.txt
-- Merging decision tree log ---
manifest
ADDED from src\main\AndroidManifest.xml:2:1-42:12
	package
		ADDED from src\main\AndroidManifest.xml:3:5-43
	android:versionName
		ADDED from src\main\AndroidManifest.xml:5:5-30
	android:versionCode
		ADDED from src\main\AndroidManifest.xml:4:5-28
		INJECTED from src\main\AndroidManifest.xml
		INJECTED from src\main\AndroidManifest.xml
	xmlns:android
		ADDED from src\main\AndroidManifest.xml:2:11-69
supports-screens
ADDED from src\main\AndroidManifest.xml:7:4-11:39
	android:largeScreens
		ADDED from src\main\AndroidManifest.xml:10:9-36
	android:smallScreens
		ADDED from src\main\AndroidManifest.xml:8:9-36
	android:normalScreens
		ADDED from src\main\AndroidManifest.xml:9:9-37
	android:xlargeScreens
		ADDED from src\main\AndroidManifest.xml:11:9-37
uses-sdk
ADDED from src\main\AndroidManifest.xml:13:4-15:34
MERGED from [com.android.support:support-v4:23.1.1] AndroidManifest.xml:20:5-43
MERGED from [com.android.support:appcompat-v7:23.1.1] AndroidManifest.xml:20:5-43
MERGED from [com.android.support:support-v4:23.1.1] AndroidManifest.xml:20:5-43
MERGED from [com.yalantis:starwarstiles:0.1.0] AndroidManifest.xml:7:5-9:41
MERGED from [com.jakewharton.timber:timber:4.1.0] AndroidManifest.xml:6:5-44
	android:targetSdkVersion
		ADDED from src\main\AndroidManifest.xml:15:3-32
		INJECTED from src\main\AndroidManifest.xml
		INJECTED from src\main\AndroidManifest.xml
	android:minSdkVersion
		ADDED from src\main\AndroidManifest.xml:14:9-35
		INJECTED from src\main\AndroidManifest.xml
		INJECTED from src\main\AndroidManifest.xml
uses-permission#android.permission.READ_EXTERNAL_STORAGE
ADDED from src\main\AndroidManifest.xml:17:5-79
	android:name
		ADDED from src\main\AndroidManifest.xml:17:22-77
uses-permission#android.permission.WRITE_EXTERNAL_STORAGE
ADDED from src\main\AndroidManifest.xml:18:5-80
	android:name
		ADDED from src\main\AndroidManifest.xml:18:22-78
uses-permission#android.permission.INTERNET
ADDED from src\main\AndroidManifest.xml:19:5-66
	android:name
		ADDED from src\main\AndroidManifest.xml:19:22-64
uses-feature#0x00020000
ADDED from src\main\AndroidManifest.xml:21:5-78
MERGED from [com.yalantis:starwarstiles:0.1.0] AndroidManifest.xml:11:5-13:35
	android:glEsVersion
		ADDED from src\main\AndroidManifest.xml:21:19-51
	android:required
		ADDED from src\main\AndroidManifest.xml:21:52-75
application
ADDED from src\main\AndroidManifest.xml:22:5-40:19
MERGED from [com.android.support:support-v4:23.1.1] AndroidManifest.xml:22:5-20
MERGED from [com.android.support:appcompat-v7:23.1.1] AndroidManifest.xml:22:5-20
MERGED from [com.android.support:support-v4:23.1.1] AndroidManifest.xml:22:5-20
MERGED from [com.jakewharton.timber:timber:4.1.0] AndroidManifest.xml:8:5-20
	android:label
		ADDED from src\main\AndroidManifest.xml:26:9-41
	android:allowBackup
		ADDED from src\main\AndroidManifest.xml:24:9-35
	android:icon
		ADDED from src\main\AndroidManifest.xml:25:9-38
	android:theme
		ADDED from src\main\AndroidManifest.xml:27:9-40
	android:name
		ADDED from src\main\AndroidManifest.xml:23:9-55
activity#com.tns.NativeScriptActivity
ADDED from src\main\AndroidManifest.xml:28:3-38:20
	android:label
		ADDED from src\main\AndroidManifest.xml:30:13-58
	android:configChanges
		ADDED from src\main\AndroidManifest.xml:31:13-74
	android:name
		ADDED from src\main\AndroidManifest.xml:29:13-56
intent-filter#android.intent.action.MAIN+android.intent.category.LAUNCHER
ADDED from src\main\AndroidManifest.xml:33:14-37:29
action#android.intent.action.MAIN
ADDED from src\main\AndroidManifest.xml:34:17-69
	android:name
		ADDED from src\main\AndroidManifest.xml:34:25-66
category#android.intent.category.LAUNCHER
ADDED from src\main\AndroidManifest.xml:36:17-77
	android:name
		ADDED from src\main\AndroidManifest.xml:36:27-74
activity#com.tns.ErrorReportActivity
ADDED from src\main\AndroidManifest.xml:39:9-63
	android:name
		ADDED from src\main\AndroidManifest.xml:39:19-61
library
ADDED from [com.yalantis:starwarstiles:0.1.0] AndroidManifest.xml:15:5-51
	android:name
		ADDED from [com.yalantis:starwarstiles:0.1.0] AndroidManifest.xml:15:14-48